<?xml version="1.0" encoding="UTF-8" standalone="yes"?>
<testsuites name="ChromeLaunch" time="14" tests="0" failures="1" errors="0">
    <testsuite name="ChromeLaunch" tests="0" failures="1" errors="0" time="14" timestamp="2019-07-11 17:16:29" hostname="DAPL-Asset-70 - DAPL-Asset-70PC" id="Test Suites/DemoTesting/ChromeLaunch">
        <properties>
            <property name="deviceName" value=""/>
            <property name="devicePlatform" value=""/>
            <property name="logFolder" value="C:\\Users\\DAPL-Asset-70\\Katalon Studio\\WorkiloAutomation\\Reports\\DemoTesting\\ChromeLaunch\\20190711_171626"/>
            <property name="logFiles" value="C:\\Users\\DAPL-Asset-70\\Katalon Studio\\WorkiloAutomation\\Reports\\DemoTesting\\ChromeLaunch\\20190711_171626\\execution0.log"/>
            <property name="attachments" value=""/>
            <property name="hostName" value="DAPL-Asset-70 - DAPL-Asset-70PC"/>
            <property name="hostAddress" value="192.168.1.185"/>
            <property name="os" value="Windows 7 64bit"/>
            <property name="katalonVersion" value="6.2.1.2"/>
        </properties>
        <testcase name="Test Cases/Demo/LaunchChrome" classname="Test Cases/Demo/LaunchChrome" status="FAILED">
            <failure type="FAILED" message="Test Cases/Demo/LaunchChrome FAILED.&#xA;Reason:&#xA;java.lang.AssertionError: Title didn't match expected [Google] but found [Workilo :: Home Improvement And Renovation Services in Brooklyn by Workilo]&#xD;&#xA;&#x9;at org.testng.Assert.fail(Assert.java:93)&#xD;&#xA;&#x9;at org.testng.Assert.failNotEquals(Assert.java:512)&#xD;&#xA;&#x9;at org.testng.Assert.assertEqualsImpl(Assert.java:134)&#xD;&#xA;&#x9;at org.testng.Assert.assertEquals(Assert.java:115)&#xD;&#xA;&#x9;at org.testng.Assert.assertEquals(Assert.java:189)&#xD;&#xA;&#x9;at org.testng.Assert$assertEquals.call(Unknown Source)&#xD;&#xA;&#x9;at LaunchChrome.run(LaunchChrome:53)&#xD;&#xA;&#x9;at com.kms.katalon.core.main.ScriptEngine.run(ScriptEngine.java:194)&#xD;&#xA;&#x9;at com.kms.katalon.core.main.ScriptEngine.runScriptAsRawText(ScriptEngine.java:119)&#xD;&#xA;&#x9;at com.kms.katalon.core.main.TestCaseExecutor.runScript(TestCaseExecutor.java:337)&#xD;&#xA;&#x9;at com.kms.katalon.core.main.TestCaseExecutor.doExecute(TestCaseExecutor.java:328)&#xD;&#xA;&#x9;at com.kms.katalon.core.main.TestCaseExecutor.processExecutionPhase(TestCaseExecutor.java:307)&#xD;&#xA;&#x9;at com.kms.katalon.core.main.TestCaseExecutor.accessMainPhase(TestCaseExecutor.java:299)&#xD;&#xA;&#x9;at com.kms.katalon.core.main.TestCaseExecutor.execute(TestCaseExecutor.java:233)&#xD;&#xA;&#x9;at com.kms.katalon.core.main.TestSuiteExecutor.accessTestCaseMainPhase(TestSuiteExecutor.java:133)&#xD;&#xA;&#x9;at com.kms.katalon.core.main.TestSuiteExecutor.accessTestSuiteMainPhase(TestSuiteExecutor.java:116)&#xD;&#xA;&#x9;at com.kms.katalon.core.main.TestSuiteExecutor.execute(TestSuiteExecutor.java:83)&#xD;&#xA;&#x9;at com.kms.katalon.core.main.TestCaseMain.startTestSuite(TestCaseMain.java:157)&#xD;&#xA;&#x9;at com.kms.katalon.core.main.TestCaseMain$startTestSuite$0.call(Unknown Source)&#xD;&#xA;&#x9;at TempTestSuite1562845586051.run(TempTestSuite1562845586051.groovy:35)&#xD;&#xA;"/>
            <system-out>2019-07-11 17:16:30 - [TEST_CASE][FAILED] - Test Cases/Demo/LaunchChrome: Test Cases/Demo/LaunchChrome FAILED.
Reason:
java.lang.AssertionError: Title didn't match expected [Google] but found [Workilo :: Home Improvement And Renovation Services in Brooklyn by Workilo]&#xD;
	at org.testng.Assert.fail(Assert.java:93)&#xD;
	at org.testng.Assert.failNotEquals(Assert.java:512)&#xD;
	at org.testng.Assert.assertEqualsImpl(Assert.java:134)&#xD;
	at org.testng.Assert.assertEquals(Assert.java:115)&#xD;
	at org.testng.Assert.assertEquals(Assert.java:189)&#xD;
	at org.testng.Assert$assertEquals.call(Unknown Source)&#xD;
	at LaunchChrome.run(LaunchChrome:53)&#xD;
	at com.kms.katalon.core.main.ScriptEngine.run(ScriptEngine.java:194)&#xD;
	at com.kms.katalon.core.main.ScriptEngine.runScriptAsRawText(ScriptEngine.java:119)&#xD;
	at com.kms.katalon.core.main.TestCaseExecutor.runScript(TestCaseExecutor.java:337)&#xD;
	at com.kms.katalon.core.main.TestCaseExecutor.doExecute(TestCaseExecutor.java:328)&#xD;
	at com.kms.katalon.core.main.TestCaseExecutor.processExecutionPhase(TestCaseExecutor.java:307)&#xD;
	at com.kms.katalon.core.main.TestCaseExecutor.accessMainPhase(TestCaseExecutor.java:299)&#xD;
	at com.kms.katalon.core.main.TestCaseExecutor.execute(TestCaseExecutor.java:233)&#xD;
	at com.kms.katalon.core.main.TestSuiteExecutor.accessTestCaseMainPhase(TestSuiteExecutor.java:133)&#xD;
	at com.kms.katalon.core.main.TestSuiteExecutor.accessTestSuiteMainPhase(TestSuiteExecutor.java:116)&#xD;
	at com.kms.katalon.core.main.TestSuiteExecutor.execute(TestSuiteExecutor.java:83)&#xD;
	at com.kms.katalon.core.main.TestCaseMain.startTestSuite(TestCaseMain.java:157)&#xD;
	at com.kms.katalon.core.main.TestCaseMain$startTestSuite$0.call(Unknown Source)&#xD;
	at TempTestSuite1562845586051.run(TempTestSuite1562845586051.groovy:35)&#xD;
&#xD;
&#xD;
2019-07-11 17:16:30 - [TEST_STEP][PASSED] - System.setProperty("webdriver.chrome.driver", "C:\Users\DAPL-Asset-70\Desktop\BrowserDriver\chromedriver.exe"): null&#xD;
&#xD;
2019-07-11 17:16:30 - [TEST_STEP][PASSED] - driver = new org.openqa.selenium.chrome.ChromeDriver(): null&#xD;
&#xD;
2019-07-11 17:16:35 - [TEST_STEP][PASSED] - window().maximize(): null&#xD;
&#xD;
2019-07-11 17:16:36 - [TEST_STEP][PASSED] - driver.get("http://workilo.com"): null&#xD;
&#xD;
2019-07-11 17:16:43 - [TEST_STEP][PASSED] - title = driver.getTitle(): null&#xD;
&#xD;
2019-07-11 17:16:43 - [TEST_STEP][PASSED] - out.println("Title == " + title): null&#xD;
&#xD;
2019-07-11 17:16:43 - [TEST_STEP][PASSED] - expected_Title = "Workilo :: Home Improvement And Renovation Services in Brooklyn by Workilo": null&#xD;
&#xD;
2019-07-11 17:16:43 - [TEST_STEP][PASSED] - Assert.assertEquals(title, "Google", "Title didn't match"): null</system-out>
            <system-err>2019-07-11 17:16:30 - [TEST_CASE][FAILED] - Test Cases/Demo/LaunchChrome: Test Cases/Demo/LaunchChrome FAILED.
Reason:
java.lang.AssertionError: Title didn't match expected [Google] but found [Workilo :: Home Improvement And Renovation Services in Brooklyn by Workilo]&#xD;
	at org.testng.Assert.fail(Assert.java:93)&#xD;
	at org.testng.Assert.failNotEquals(Assert.java:512)&#xD;
	at org.testng.Assert.assertEqualsImpl(Assert.java:134)&#xD;
	at org.testng.Assert.assertEquals(Assert.java:115)&#xD;
	at org.testng.Assert.assertEquals(Assert.java:189)&#xD;
	at org.testng.Assert$assertEquals.call(Unknown Source)&#xD;
	at LaunchChrome.run(LaunchChrome:53)&#xD;
	at com.kms.katalon.core.main.ScriptEngine.run(ScriptEngine.java:194)&#xD;
	at com.kms.katalon.core.main.ScriptEngine.runScriptAsRawText(ScriptEngine.java:119)&#xD;
	at com.kms.katalon.core.main.TestCaseExecutor.runScript(TestCaseExecutor.java:337)&#xD;
	at com.kms.katalon.core.main.TestCaseExecutor.doExecute(TestCaseExecutor.java:328)&#xD;
	at com.kms.katalon.core.main.TestCaseExecutor.processExecutionPhase(TestCaseExecutor.java:307)&#xD;
	at com.kms.katalon.core.main.TestCaseExecutor.accessMainPhase(TestCaseExecutor.java:299)&#xD;
	at com.kms.katalon.core.main.TestCaseExecutor.execute(TestCaseExecutor.java:233)&#xD;
	at com.kms.katalon.core.main.TestSuiteExecutor.accessTestCaseMainPhase(TestSuiteExecutor.java:133)&#xD;
	at com.kms.katalon.core.main.TestSuiteExecutor.accessTestSuiteMainPhase(TestSuiteExecutor.java:116)&#xD;
	at com.kms.katalon.core.main.TestSuiteExecutor.execute(TestSuiteExecutor.java:83)&#xD;
	at com.kms.katalon.core.main.TestCaseMain.startTestSuite(TestCaseMain.java:157)&#xD;
	at com.kms.katalon.core.main.TestCaseMain$startTestSuite$0.call(Unknown Source)&#xD;
	at TempTestSuite1562845586051.run(TempTestSuite1562845586051.groovy:35)</system-err>
        </testcase>
        <system-out>2019-07-11 17:16:29 - [TEST_SUITE][INCOMPLETE] - ChromeLaunch: null</system-out>
        <system-err>2019-07-11 17:16:29 - [TEST_SUITE][INCOMPLETE] - ChromeLaunch: null</system-err>
    </testsuite>
</testsuites>
